{"/Users/nals_macbook_341/Documents/project-demo/front-end-unitest/src/counter.ts": {"path":"/Users/nals_macbook_341/Documents/project-demo/front-end-unitest/src/counter.ts","all":false,"statementMap":{"0":{"start":{"line":1,"column":0},"end":{"line":1,"column":58}},"1":{"start":{"line":2,"column":0},"end":{"line":2,"column":17}},"2":{"start":{"line":3,"column":0},"end":{"line":3,"column":41}},"3":{"start":{"line":4,"column":0},"end":{"line":4,"column":19}},"4":{"start":{"line":5,"column":0},"end":{"line":5,"column":45}},"5":{"start":{"line":6,"column":0},"end":{"line":6,"column":3}},"6":{"start":{"line":7,"column":0},"end":{"line":7,"column":66}},"7":{"start":{"line":8,"column":0},"end":{"line":8,"column":15}},"8":{"start":{"line":9,"column":0},"end":{"line":9,"column":1}}},"s":{"0":1,"1":5,"2":5,"3":9,"4":9,"5":9,"6":5,"7":5,"8":5},"branchMap":{"0":{"type":"branch","line":1,"loc":{"start":{"line":1,"column":7},"end":{"line":9,"column":1}},"locations":[{"start":{"line":1,"column":7},"end":{"line":9,"column":1}}]},"1":{"type":"branch","line":3,"loc":{"start":{"line":3,"column":21},"end":{"line":6,"column":3}},"locations":[{"start":{"line":3,"column":21},"end":{"line":6,"column":3}}]},"2":{"type":"branch","line":7,"loc":{"start":{"line":7,"column":36},"end":{"line":7,"column":65}},"locations":[{"start":{"line":7,"column":36},"end":{"line":7,"column":65}}]}},"b":{"0":[5],"1":[9],"2":[4]},"fnMap":{"0":{"name":"setupCounter","decl":{"start":{"line":1,"column":7},"end":{"line":9,"column":1}},"loc":{"start":{"line":1,"column":7},"end":{"line":9,"column":1}},"line":1},"1":{"name":"setCounter","decl":{"start":{"line":3,"column":21},"end":{"line":6,"column":3}},"loc":{"start":{"line":3,"column":21},"end":{"line":6,"column":3}},"line":3}},"f":{"0":5,"1":9}}
,"/Users/nals_macbook_341/Documents/project-demo/front-end-unitest/src/main.ts": {"path":"/Users/nals_macbook_341/Documents/project-demo/front-end-unitest/src/main.ts","all":false,"statementMap":{"0":{"start":{"line":1,"column":0},"end":{"line":1,"column":20}},"1":{"start":{"line":2,"column":0},"end":{"line":2,"column":45}},"2":{"start":{"line":3,"column":0},"end":{"line":3,"column":43}},"3":{"start":{"line":4,"column":0},"end":{"line":4,"column":33}},"5":{"start":{"line":6,"column":0},"end":{"line":6,"column":61}},"8":{"start":{"line":9,"column":0},"end":{"line":9,"column":60}},"11":{"start":{"line":12,"column":0},"end":{"line":12,"column":80}},"23":{"start":{"line":24,"column":0},"end":{"line":24,"column":68}}},"s":{"0":1,"1":1,"2":1,"3":1,"5":1,"8":1,"11":1,"23":1},"branchMap":{},"b":{},"fnMap":{},"f":{}}
,"/Users/nals_macbook_341/Documents/project-demo/front-end-unitest/src/models/order.model.ts": {"path":"/Users/nals_macbook_341/Documents/project-demo/front-end-unitest/src/models/order.model.ts","all":true,"statementMap":{},"s":{},"branchMap":{"0":{"type":"branch","line":1,"loc":{"start":{"line":1,"column":291},"end":{"line":16,"column":1}},"locations":[{"start":{"line":1,"column":291},"end":{"line":16,"column":1}}]}},"b":{"0":[1]},"fnMap":{"0":{"name":"(empty-report)","decl":{"start":{"line":1,"column":291},"end":{"line":16,"column":1}},"loc":{"start":{"line":1,"column":291},"end":{"line":16,"column":1}},"line":1}},"f":{"0":1}}
,"/Users/nals_macbook_341/Documents/project-demo/front-end-unitest/src/models/payment.model.ts": {"path":"/Users/nals_macbook_341/Documents/project-demo/front-end-unitest/src/models/payment.model.ts","all":false,"statementMap":{"0":{"start":{"line":1,"column":0},"end":{"line":1,"column":27}},"1":{"start":{"line":2,"column":0},"end":{"line":2,"column":20}},"2":{"start":{"line":3,"column":0},"end":{"line":3,"column":20}},"3":{"start":{"line":4,"column":0},"end":{"line":4,"column":18}}},"s":{"0":1,"1":1,"2":1,"3":1},"branchMap":{"0":{"type":"branch","line":1,"loc":{"start":{"line":1,"column":7},"end":{"line":1,"column":27}},"locations":[{"start":{"line":1,"column":7},"end":{"line":1,"column":27}}]}},"b":{"0":[2]},"fnMap":{},"f":{}}
,"/Users/nals_macbook_341/Documents/project-demo/front-end-unitest/src/services/coupon.service.ts": {"path":"/Users/nals_macbook_341/Documents/project-demo/front-end-unitest/src/services/coupon.service.ts","all":false,"statementMap":{"1":{"start":{"line":2,"column":0},"end":{"line":2,"column":28}},"2":{"start":{"line":3,"column":0},"end":{"line":3,"column":35}},"3":{"start":{"line":4,"column":0},"end":{"line":4,"column":58}},"5":{"start":{"line":6,"column":0},"end":{"line":6,"column":20}},"6":{"start":{"line":7,"column":0},"end":{"line":7,"column":20}},"7":{"start":{"line":8,"column":0},"end":{"line":8,"column":43}},"8":{"start":{"line":9,"column":0},"end":{"line":9,"column":9}},"9":{"start":{"line":10,"column":0},"end":{"line":10,"column":73}},"10":{"start":{"line":11,"column":0},"end":{"line":11,"column":36}},"12":{"start":{"line":13,"column":0},"end":{"line":13,"column":35}},"13":{"start":{"line":14,"column":0},"end":{"line":14,"column":22}},"14":{"start":{"line":15,"column":0},"end":{"line":15,"column":18}},"15":{"start":{"line":16,"column":0},"end":{"line":16,"column":5}},"16":{"start":{"line":17,"column":0},"end":{"line":17,"column":3}},"17":{"start":{"line":18,"column":0},"end":{"line":18,"column":1}}},"s":{"1":1,"2":4,"3":4,"5":4,"6":4,"7":4,"8":4,"9":4,"10":4,"12":2,"13":4,"14":1,"15":1,"16":4,"17":4},"branchMap":{"0":{"type":"branch","line":2,"loc":{"start":{"line":2,"column":7},"end":{"line":18,"column":1}},"locations":[{"start":{"line":2,"column":7},"end":{"line":18,"column":1}}]},"1":{"type":"branch","line":6,"loc":{"start":{"line":6,"column":2},"end":{"line":17,"column":3}},"locations":[{"start":{"line":6,"column":2},"end":{"line":17,"column":3}}]},"2":{"type":"branch","line":10,"loc":{"start":{"line":10,"column":71},"end":{"line":11,"column":31}},"locations":[{"start":{"line":10,"column":71},"end":{"line":11,"column":31}}]},"3":{"type":"branch","line":11,"loc":{"start":{"line":11,"column":24},"end":{"line":11,"column":36}},"locations":[{"start":{"line":11,"column":24},"end":{"line":11,"column":36}}]},"4":{"type":"branch","line":11,"loc":{"start":{"line":11,"column":31},"end":{"line":14,"column":13}},"locations":[{"start":{"line":11,"column":31},"end":{"line":14,"column":13}}]},"5":{"type":"branch","line":14,"loc":{"start":{"line":14,"column":4},"end":{"line":16,"column":5}},"locations":[{"start":{"line":14,"column":4},"end":{"line":16,"column":5}}]}},"b":{"0":[4],"1":[4],"2":[3],"3":[1],"4":[2],"5":[1]},"fnMap":{"0":{"name":"<instance_members_initializer>","decl":{"start":{"line":2,"column":7},"end":{"line":18,"column":1}},"loc":{"start":{"line":2,"column":7},"end":{"line":18,"column":1}},"line":2},"1":{"name":"fetchCoupon","decl":{"start":{"line":6,"column":2},"end":{"line":17,"column":3}},"loc":{"start":{"line":6,"column":2},"end":{"line":17,"column":3}},"line":6}},"f":{"0":4,"1":4}}
,"/Users/nals_macbook_341/Documents/project-demo/front-end-unitest/src/services/order-repository.service.ts": {"path":"/Users/nals_macbook_341/Documents/project-demo/front-end-unitest/src/services/order-repository.service.ts","all":false,"statementMap":{"2":{"start":{"line":3,"column":0},"end":{"line":3,"column":30}},"3":{"start":{"line":4,"column":0},"end":{"line":4,"column":34}},"4":{"start":{"line":5,"column":0},"end":{"line":5,"column":56}},"6":{"start":{"line":7,"column":0},"end":{"line":7,"column":20}},"7":{"start":{"line":8,"column":0},"end":{"line":8,"column":59}},"10":{"start":{"line":11,"column":0},"end":{"line":11,"column":28}},"11":{"start":{"line":12,"column":0},"end":{"line":12,"column":9}},"12":{"start":{"line":13,"column":0},"end":{"line":13,"column":56}},"13":{"start":{"line":14,"column":0},"end":{"line":14,"column":23}},"14":{"start":{"line":15,"column":0},"end":{"line":15,"column":43}},"15":{"start":{"line":16,"column":0},"end":{"line":16,"column":56}},"16":{"start":{"line":17,"column":0},"end":{"line":17,"column":9}},"18":{"start":{"line":19,"column":0},"end":{"line":19,"column":36}},"20":{"start":{"line":21,"column":0},"end":{"line":21,"column":35}},"21":{"start":{"line":22,"column":0},"end":{"line":22,"column":22}},"22":{"start":{"line":23,"column":0},"end":{"line":23,"column":18}},"23":{"start":{"line":24,"column":0},"end":{"line":24,"column":5}},"24":{"start":{"line":25,"column":0},"end":{"line":25,"column":3}},"25":{"start":{"line":26,"column":0},"end":{"line":26,"column":1}}},"s":{"2":1,"3":3,"4":3,"6":3,"7":3,"10":3,"11":3,"12":3,"13":3,"14":3,"15":3,"16":3,"18":3,"20":1,"21":1,"22":1,"23":1,"24":3,"25":3},"branchMap":{"0":{"type":"branch","line":3,"loc":{"start":{"line":3,"column":7},"end":{"line":26,"column":1}},"locations":[{"start":{"line":3,"column":7},"end":{"line":26,"column":1}}]},"1":{"type":"branch","line":7,"loc":{"start":{"line":7,"column":2},"end":{"line":25,"column":3}},"locations":[{"start":{"line":7,"column":2},"end":{"line":25,"column":3}}]},"2":{"type":"branch","line":17,"loc":{"start":{"line":17,"column":7},"end":{"line":19,"column":31}},"locations":[{"start":{"line":17,"column":7},"end":{"line":19,"column":31}}]},"3":{"type":"branch","line":19,"loc":{"start":{"line":19,"column":24},"end":{"line":24,"column":5}},"locations":[{"start":{"line":19,"column":24},"end":{"line":24,"column":5}}]}},"b":{"0":[3],"1":[3],"2":[2],"3":[1]},"fnMap":{"0":{"name":"<instance_members_initializer>","decl":{"start":{"line":3,"column":7},"end":{"line":26,"column":1}},"loc":{"start":{"line":3,"column":7},"end":{"line":26,"column":1}},"line":3},"1":{"name":"createOrder","decl":{"start":{"line":7,"column":2},"end":{"line":25,"column":3}},"loc":{"start":{"line":7,"column":2},"end":{"line":25,"column":3}},"line":7}},"f":{"0":3,"1":3}}
,"/Users/nals_macbook_341/Documents/project-demo/front-end-unitest/src/services/order.service.ts": {"path":"/Users/nals_macbook_341/Documents/project-demo/front-end-unitest/src/services/order.service.ts","all":false,"statementMap":{"5":{"start":{"line":6,"column":0},"end":{"line":6,"column":27}},"6":{"start":{"line":7,"column":0},"end":{"line":7,"column":14}},"7":{"start":{"line":8,"column":0},"end":{"line":8,"column":54}},"8":{"start":{"line":9,"column":0},"end":{"line":9,"column":52}},"9":{"start":{"line":10,"column":0},"end":{"line":10,"column":49}},"10":{"start":{"line":11,"column":0},"end":{"line":11,"column":6}},"12":{"start":{"line":13,"column":0},"end":{"line":13,"column":55}},"13":{"start":{"line":14,"column":0},"end":{"line":14,"column":74}},"15":{"start":{"line":16,"column":0},"end":{"line":16,"column":42}},"17":{"start":{"line":18,"column":0},"end":{"line":18,"column":25}},"18":{"start":{"line":19,"column":0},"end":{"line":19,"column":72}},"19":{"start":{"line":20,"column":0},"end":{"line":20,"column":5}},"21":{"start":{"line":22,"column":0},"end":{"line":22,"column":66}},"22":{"start":{"line":23,"column":0},"end":{"line":23,"column":15}},"23":{"start":{"line":24,"column":0},"end":{"line":24,"column":17}},"24":{"start":{"line":25,"column":0},"end":{"line":25,"column":72}},"25":{"start":{"line":26,"column":0},"end":{"line":26,"column":7}},"27":{"start":{"line":28,"column":0},"end":{"line":28,"column":66}},"29":{"start":{"line":30,"column":0},"end":{"line":30,"column":50}},"30":{"start":{"line":31,"column":0},"end":{"line":31,"column":3}},"32":{"start":{"line":33,"column":0},"end":{"line":33,"column":30}},"33":{"start":{"line":34,"column":0},"end":{"line":34,"column":23}},"34":{"start":{"line":35,"column":0},"end":{"line":35,"column":20}},"35":{"start":{"line":36,"column":0},"end":{"line":36,"column":22}},"36":{"start":{"line":37,"column":0},"end":{"line":37,"column":66}},"38":{"start":{"line":39,"column":0},"end":{"line":39,"column":51}},"40":{"start":{"line":41,"column":0},"end":{"line":41,"column":57}},"41":{"start":{"line":42,"column":0},"end":{"line":42,"column":40}},"42":{"start":{"line":43,"column":0},"end":{"line":43,"column":3}},"44":{"start":{"line":45,"column":0},"end":{"line":45,"column":74}},"45":{"start":{"line":46,"column":0},"end":{"line":46,"column":31}},"46":{"start":{"line":47,"column":0},"end":{"line":47,"column":50}},"47":{"start":{"line":48,"column":0},"end":{"line":48,"column":5}},"49":{"start":{"line":50,"column":0},"end":{"line":50,"column":76}},"50":{"start":{"line":51,"column":0},"end":{"line":51,"column":49}},"51":{"start":{"line":52,"column":0},"end":{"line":52,"column":5}},"53":{"start":{"line":54,"column":0},"end":{"line":54,"column":26}},"54":{"start":{"line":55,"column":0},"end":{"line":55,"column":60}},"55":{"start":{"line":56,"column":0},"end":{"line":56,"column":5}},"56":{"start":{"line":57,"column":0},"end":{"line":57,"column":3}},"58":{"start":{"line":59,"column":0},"end":{"line":59,"column":59}},"59":{"start":{"line":60,"column":0},"end":{"line":60,"column":76}},"60":{"start":{"line":61,"column":0},"end":{"line":61,"column":3}},"61":{"start":{"line":62,"column":0},"end":{"line":62,"column":1}}},"s":{"5":1,"6":1,"7":19,"8":19,"9":19,"10":19,"12":1,"13":5,"15":5,"17":5,"18":1,"19":1,"21":5,"22":5,"23":5,"24":5,"25":5,"27":5,"29":2,"30":5,"32":1,"33":5,"34":5,"35":5,"36":5,"38":5,"40":3,"41":3,"42":5,"44":1,"45":12,"46":2,"47":2,"49":12,"50":2,"51":2,"53":12,"54":2,"55":2,"56":12,"58":1,"59":8,"60":8,"61":1},"branchMap":{"0":{"type":"branch","line":7,"loc":{"start":{"line":7,"column":2},"end":{"line":11,"column":6}},"locations":[{"start":{"line":7,"column":2},"end":{"line":11,"column":6}}]},"1":{"type":"branch","line":13,"loc":{"start":{"line":13,"column":2},"end":{"line":31,"column":3}},"locations":[{"start":{"line":13,"column":2},"end":{"line":31,"column":3}}]},"2":{"type":"branch","line":18,"loc":{"start":{"line":18,"column":24},"end":{"line":20,"column":5}},"locations":[{"start":{"line":18,"column":24},"end":{"line":20,"column":5}}]},"3":{"type":"branch","line":26,"loc":{"start":{"line":26,"column":5},"end":{"line":28,"column":30}},"locations":[{"start":{"line":26,"column":5},"end":{"line":28,"column":30}}]},"4":{"type":"branch","line":28,"loc":{"start":{"line":28,"column":24},"end":{"line":28,"column":66}},"locations":[{"start":{"line":28,"column":24},"end":{"line":28,"column":66}}]},"5":{"type":"branch","line":28,"loc":{"start":{"line":28,"column":64},"end":{"line":30,"column":50}},"locations":[{"start":{"line":28,"column":64},"end":{"line":30,"column":50}}]},"6":{"type":"branch","line":33,"loc":{"start":{"line":33,"column":2},"end":{"line":43,"column":3}},"locations":[{"start":{"line":33,"column":2},"end":{"line":43,"column":3}}]},"7":{"type":"branch","line":37,"loc":{"start":{"line":37,"column":64},"end":{"line":39,"column":23}},"locations":[{"start":{"line":37,"column":64},"end":{"line":39,"column":23}}]},"8":{"type":"branch","line":39,"loc":{"start":{"line":39,"column":17},"end":{"line":39,"column":51}},"locations":[{"start":{"line":39,"column":17},"end":{"line":39,"column":51}}]},"9":{"type":"branch","line":39,"loc":{"start":{"line":39,"column":49},"end":{"line":42,"column":40}},"locations":[{"start":{"line":39,"column":49},"end":{"line":42,"column":40}}]},"10":{"type":"branch","line":45,"loc":{"start":{"line":45,"column":10},"end":{"line":57,"column":3}},"locations":[{"start":{"line":45,"column":10},"end":{"line":57,"column":3}}]},"11":{"type":"branch","line":46,"loc":{"start":{"line":46,"column":15},"end":{"line":46,"column":30}},"locations":[{"start":{"line":46,"column":15},"end":{"line":46,"column":30}}]},"12":{"type":"branch","line":46,"loc":{"start":{"line":46,"column":30},"end":{"line":48,"column":5}},"locations":[{"start":{"line":46,"column":30},"end":{"line":48,"column":5}}]},"13":{"type":"branch","line":48,"loc":{"start":{"line":48,"column":4},"end":{"line":50,"column":75}},"locations":[{"start":{"line":48,"column":4},"end":{"line":50,"column":75}}]},"14":{"type":"branch","line":50,"loc":{"start":{"line":50,"column":75},"end":{"line":52,"column":5}},"locations":[{"start":{"line":50,"column":75},"end":{"line":52,"column":5}}]},"15":{"type":"branch","line":52,"loc":{"start":{"line":52,"column":4},"end":{"line":54,"column":25}},"locations":[{"start":{"line":52,"column":4},"end":{"line":54,"column":25}}]},"16":{"type":"branch","line":54,"loc":{"start":{"line":54,"column":25},"end":{"line":56,"column":5}},"locations":[{"start":{"line":54,"column":25},"end":{"line":56,"column":5}}]},"17":{"type":"branch","line":50,"loc":{"start":{"line":50,"column":25},"end":{"line":50,"column":72}},"locations":[{"start":{"line":50,"column":25},"end":{"line":50,"column":72}}]},"18":{"type":"branch","line":50,"loc":{"start":{"line":50,"column":49},"end":{"line":50,"column":72}},"locations":[{"start":{"line":50,"column":49},"end":{"line":50,"column":72}}]},"19":{"type":"branch","line":59,"loc":{"start":{"line":59,"column":10},"end":{"line":61,"column":3}},"locations":[{"start":{"line":59,"column":10},"end":{"line":61,"column":3}}]},"20":{"type":"branch","line":60,"loc":{"start":{"line":60,"column":24},"end":{"line":60,"column":73}},"locations":[{"start":{"line":60,"column":24},"end":{"line":60,"column":73}}]}},"b":{"0":[19],"1":[5],"2":[1],"3":[3],"4":[1],"5":[2],"6":[5],"7":[4],"8":[1],"9":[3],"10":[12],"11":[11],"12":[2],"13":[10],"14":[2],"15":[8],"16":[2],"17":[15],"18":[14],"19":[8],"20":[13]},"fnMap":{"0":{"name":"OrderService","decl":{"start":{"line":7,"column":2},"end":{"line":11,"column":6}},"loc":{"start":{"line":7,"column":2},"end":{"line":11,"column":6}},"line":7},"1":{"name":"process","decl":{"start":{"line":13,"column":2},"end":{"line":31,"column":3}},"loc":{"start":{"line":13,"column":2},"end":{"line":31,"column":3}},"line":13},"2":{"name":"applyDiscount","decl":{"start":{"line":33,"column":2},"end":{"line":43,"column":3}},"loc":{"start":{"line":33,"column":2},"end":{"line":43,"column":3}},"line":33},"3":{"name":"validateOrder","decl":{"start":{"line":45,"column":10},"end":{"line":57,"column":3}},"loc":{"start":{"line":45,"column":10},"end":{"line":57,"column":3}},"line":45},"4":{"name":"calculateTotalPrice","decl":{"start":{"line":59,"column":10},"end":{"line":61,"column":3}},"loc":{"start":{"line":59,"column":10},"end":{"line":61,"column":3}},"line":59}},"f":{"0":19,"1":5,"2":5,"3":12,"4":8}}
,"/Users/nals_macbook_341/Documents/project-demo/front-end-unitest/src/services/payment.service.ts": {"path":"/Users/nals_macbook_341/Documents/project-demo/front-end-unitest/src/services/payment.service.ts","all":false,"statementMap":{"0":{"start":{"line":1,"column":0},"end":{"line":1,"column":56}},"3":{"start":{"line":4,"column":0},"end":{"line":4,"column":29}},"4":{"start":{"line":5,"column":0},"end":{"line":5,"column":38}},"5":{"start":{"line":6,"column":0},"end":{"line":6,"column":59}},"6":{"start":{"line":7,"column":0},"end":{"line":7,"column":56}},"7":{"start":{"line":8,"column":0},"end":{"line":8,"column":55}},"8":{"start":{"line":9,"column":0},"end":{"line":9,"column":4}},"10":{"start":{"line":11,"column":0},"end":{"line":11,"column":42}},"11":{"start":{"line":12,"column":0},"end":{"line":12,"column":57}},"12":{"start":{"line":13,"column":0},"end":{"line":13,"column":62}},"13":{"start":{"line":14,"column":0},"end":{"line":14,"column":34}},"15":{"start":{"line":16,"column":0},"end":{"line":16,"column":38}},"16":{"start":{"line":17,"column":0},"end":{"line":17,"column":3}},"18":{"start":{"line":19,"column":0},"end":{"line":19,"column":28}},"19":{"start":{"line":20,"column":0},"end":{"line":20,"column":16}},"20":{"start":{"line":21,"column":0},"end":{"line":21,"column":60}},"21":{"start":{"line":22,"column":0},"end":{"line":22,"column":14}},"22":{"start":{"line":23,"column":0},"end":{"line":23,"column":6}},"23":{"start":{"line":24,"column":0},"end":{"line":24,"column":3}},"24":{"start":{"line":25,"column":0},"end":{"line":25,"column":1}}},"s":{"0":1,"3":1,"4":13,"5":13,"6":13,"7":13,"8":13,"10":13,"11":7,"12":7,"13":7,"15":7,"16":7,"18":13,"19":4,"20":4,"21":4,"22":4,"23":4,"24":13},"branchMap":{"0":{"type":"branch","line":4,"loc":{"start":{"line":4,"column":7},"end":{"line":25,"column":1}},"locations":[{"start":{"line":4,"column":7},"end":{"line":25,"column":1}}]},"1":{"type":"branch","line":11,"loc":{"start":{"line":11,"column":2},"end":{"line":17,"column":3}},"locations":[{"start":{"line":11,"column":2},"end":{"line":17,"column":3}}]},"2":{"type":"branch","line":13,"loc":{"start":{"line":13,"column":6},"end":{"line":13,"column":62}},"locations":[{"start":{"line":13,"column":6},"end":{"line":13,"column":62}}]},"3":{"type":"branch","line":13,"loc":{"start":{"line":13,"column":26},"end":{"line":13,"column":62}},"locations":[{"start":{"line":13,"column":26},"end":{"line":13,"column":62}}]},"4":{"type":"branch","line":14,"loc":{"start":{"line":14,"column":10},"end":{"line":14,"column":32}},"locations":[{"start":{"line":14,"column":10},"end":{"line":14,"column":32}}]},"5":{"type":"branch","line":19,"loc":{"start":{"line":19,"column":2},"end":{"line":24,"column":3}},"locations":[{"start":{"line":19,"column":2},"end":{"line":24,"column":3}}]}},"b":{"0":[13],"1":[7],"2":[21],"3":[14],"4":[17],"5":[4]},"fnMap":{"0":{"name":"<instance_members_initializer>","decl":{"start":{"line":4,"column":7},"end":{"line":25,"column":1}},"loc":{"start":{"line":4,"column":7},"end":{"line":25,"column":1}},"line":4},"1":{"name":"buildPaymentMethod","decl":{"start":{"line":11,"column":2},"end":{"line":17,"column":3}},"loc":{"start":{"line":11,"column":2},"end":{"line":17,"column":3}},"line":11},"2":{"name":"payViaLink","decl":{"start":{"line":19,"column":2},"end":{"line":24,"column":3}},"loc":{"start":{"line":19,"column":2},"end":{"line":24,"column":3}},"line":19}},"f":{"0":13,"1":7,"2":4}}
}
